==================== HP Update Package Start : 6/22/2024 3:05:03 PM ====================
 - LogPath : c:\SWSetup\SP153009\HPUP_20240622150503.log
 - GUIMode : False
 - Timeout : 0
[6/22/2024 3:05:03 PM][ACT] Manage Certificate for HP Signature
[6/22/2024 3:05:03 PM][INF][GetCertificateStatus] Signature Status on HPUP : SIGNATURE_STATE_VALID
[6/22/2024 3:05:03 PM][INF][GetErrorFromSignatureState] Signature State : SIGNATURE_STATE_VALID
[6/22/2024 3:05:03 PM][INF][GetSignatureStatusFromWin32Error] Signature Status : Valid
[6/22/2024 3:05:03 PM][INF][ValidateCertificate] Cert Subject on File - c:\SWSetup\SP153009\HPUP.exe : CN=HP Inc., O=HP Inc., L=Palo Alto, S=California, C=US
[6/22/2024 3:05:03 PM][INF][ValidateCertificate] Cert Signer on File - c:\SWSetup\SP153009\HPUP.exe : HP Inc.
[6/22/2024 3:05:03 PM][INF][ValidateCertificate] HPUP Cert Thumprint : A69742FC1C73960E645DC5D290A6973EF761140C
[6/22/2024 3:05:03 PM][INF][ManageCertificate] Matched Certificate is found in Store
[6/22/2024 3:05:03 PM][ACT] Validate Certificate Status on Security Catalog
[6/22/2024 3:05:03 PM][INF][GetCertificateStatus] Signature Status on HPUP : SIGNATURE_STATE_VALID
[6/22/2024 3:05:03 PM][INF][GetErrorFromSignatureState] Signature State : SIGNATURE_STATE_VALID
[6/22/2024 3:05:03 PM][INF][GetSignatureStatusFromWin32Error] Signature Status : Valid
[6/22/2024 3:05:03 PM][INF][ValidateCertificate] Cert Subject on File - c:\SWSetup\SP153009\Package.cat : CN=HP Inc., O=HP Inc., L=Palo Alto, S=California, C=US
[6/22/2024 3:05:03 PM][INF][ValidateCertificate] Cert Signer on File - c:\SWSetup\SP153009\Package.cat : HP Inc.
[6/22/2024 3:05:03 PM][INF][ValidateCertificate] HPUP Cert Thumprint : A04C4E4DA415627A4682AE6AE0B0AF9CEF225E40
[6/22/2024 3:05:03 PM][INF] Certificate Status on Security Catalog : Valid
[6/22/2024 3:05:03 PM][ACT] Validate Package Content Integrity by Security Catalog
[6/22/2024 3:05:04 PM][INF] Package Content : Valid
[6/22/2024 3:05:04 PM][ACT] Lookup for Install Script to execute
[6/22/2024 3:05:04 PM][ACT] Execute Install Script
[6/22/2024 3:05:04 PM][INF][ExecuteInstaller] Execute Info : C:\WINDOWS\System32\cmd.exe /c "c:\SWSetup\SP153009\Install.cmd"
[6/22/2024 3:05:04 PM][INF][ExecuteInstaller] Execution Start Time : 6/22/2024 3:05:04 PM
[6/22/2024 3:05:41 PM][INF][ExecuteInstaller] Execution Exit Time : 6/22/2024 3:05:40 PM
[6/22/2024 3:05:41 PM][INF][ExecuteInstaller] Execution Exit Code : 3010
[6/22/2024 3:05:41 PM][INF] Execute Install Script with ExitCode - 3010
[6/22/2024 3:05:41 PM][ACT] Manage Certificate for HP Signature
[6/22/2024 3:05:41 PM][INF][GetCertificateStatus] Signature Status on HPUP : SIGNATURE_STATE_VALID
[6/22/2024 3:05:41 PM][INF][GetErrorFromSignatureState] Signature State : SIGNATURE_STATE_VALID
[6/22/2024 3:05:41 PM][INF][GetSignatureStatusFromWin32Error] Signature Status : Valid
[6/22/2024 3:05:41 PM][INF][ValidateCertificate] Cert Subject on File - c:\SWSetup\SP153009\HPUP.exe : CN=HP Inc., O=HP Inc., L=Palo Alto, S=California, C=US
[6/22/2024 3:05:41 PM][INF][ValidateCertificate] Cert Signer on File - c:\SWSetup\SP153009\HPUP.exe : HP Inc.
[6/22/2024 3:05:41 PM][INF][ValidateCertificate] HPUP Cert Thumprint : A69742FC1C73960E645DC5D290A6973EF761140C
[6/22/2024 3:05:41 PM][INF][ManageCertificate] Matched Certificate is found in Store
